<?xml version="1.0" encoding="UTF-8"?>
<testsuite name="SystemUITest" tests="1" skipped="0" failures="0" errors="0" timestamp="2025-02-01T07:33:32" hostname="Sudhars-MacBook-Air.local" time="0.002">
  <properties/>
  <testcase name="testBasicSetup" classname="SystemUITest" time="0.002"/>
  <system-out><![CDATA[]]></system-out>
  <system-err><![CDATA[]]></system-err>
</testsuite>
